# JRE version: Java(TM) SE Runtime Environment (23.0.1+11) (build 23.0.1+11-39)
# Java VM: Java HotSpot(TM) 64-Bit Server VM (23.0.1+11-39, mixed mode, sharing, tiered, compressed oops, compressed class ptrs, g1 gc, windows-amd64)
GC Precious Log:
 CardTable entry size: 512
 Card Set container configuration: InlinePtr #cards 5 size 8 Array Of Cards #cards 10 size 36 Howl #buckets 4 coarsen threshold 1843 Howl Bitmap #cards 512 size 80 coarsen threshold 460 Card regions per heap region 1 cards per card region 2048
 CPUs: 4 total, 4 available
 Memory: 3983M
 Large Page Support: Disabled
 NUMA Support: Disabled
 Compressed Oops: Enabled (32-bit)
 Heap Region Size: 1M
 Heap Min Capacity: 8M
 Heap Initial Capacity: 64M
 Heap Max Capacity: 996M
 Pre-touch: Disabled
 Parallel Workers: 4
 Concurrent Workers: 1
 Concurrent Refinement Workers: 4
 Periodic GC: Disabled
Heap:
 garbage-first heap   total reserved 1019904K, committed 78848K, used 63787K [0x00000000c1c00000, 0x0000000100000000)
  region size 1024K, 23 young (23552K), 3 survivors (3072K)
 Metaspace       used 36022K, committed 36608K, reserved 1114112K
  class space    used 4342K, committed 4608K, reserved 1048576K
GC Heap History (20 events):
Event: 3.303 GC heap before
{Heap before GC invocations=5 (full 0):
 garbage-first heap   total reserved 1019904K, committed 65536K, used 47616K [0x00000000c1c00000, 0x0000000100000000)
  region size 1024K, 26 young (26624K), 4 survivors (4096K)
 Metaspace       used 16965K, committed 17152K, reserved 1114112K
  class space    used 1656K, committed 1728K, reserved 1048576K
}
Event: 3.312 GC heap after
{Heap after GC invocations=6 (full 0):
 garbage-first heap   total reserved 1019904K, committed 78848K, used 29077K [0x00000000c1c00000, 0x0000000100000000)
  region size 1024K, 4 young (4096K), 4 survivors (4096K)
 Metaspace       used 16965K, committed 17152K, reserved 1114112K
  class space    used 1656K, committed 1728K, reserved 1048576K
}
Event: 3.623 GC heap before
{Heap before GC invocations=6 (full 0):
 garbage-first heap   total reserved 1019904K, committed 78848K, used 57749K [0x00000000c1c00000, 0x0000000100000000)
  region size 1024K, 32 young (32768K), 4 survivors (4096K)
 Metaspace       used 18265K, committed 18432K, reserved 1114112K
  class space    used 1834K, committed 1920K, reserved 1048576K
}
Event: 3.631 GC heap after
{Heap after GC invocations=7 (full 0):
 garbage-first heap   total reserved 1019904K, committed 78848K, used 31373K [0x00000000c1c00000, 0x0000000100000000)
  region size 1024K, 3 young (3072K), 3 survivors (3072K)
 Metaspace       used 18265K, committed 18432K, reserved 1114112K
  class space    used 1834K, committed 1920K, reserved 1048576K
}
Event: 4.241 GC heap before
{Heap before GC invocations=7 (full 0):
 garbage-first heap   total reserved 1019904K, committed 78848K, used 61069K [0x00000000c1c00000, 0x0000000100000000)
  region size 1024K, 32 young (32768K), 3 survivors (3072K)
 Metaspace       used 20645K, committed 20992K, reserved 1114112K
  class space    used 2147K, committed 2304K, reserved 1048576K
}
Event: 4.248 GC heap after
{Heap after GC invocations=8 (full 0):
 garbage-first heap   total reserved 1019904K, committed 78848K, used 34816K [0x00000000c1c00000, 0x0000000100000000)
  region size 1024K, 3 young (3072K), 3 survivors (3072K)
 Metaspace       used 20645K, committed 20992K, reserved 1114112K
  class space    used 2147K, committed 2304K, reserved 1048576K
}
Event: 4.375 GC heap before
{Heap before GC invocations=8 (full 0):
 garbage-first heap   total reserved 1019904K, committed 78848K, used 41984K [0x00000000c1c00000, 0x0000000100000000)
  region size 1024K, 11 young (11264K), 3 survivors (3072K)
 Metaspace       used 21186K, committed 21504K, reserved 1114112K
  class space    used 2232K, committed 2368K, reserved 1048576K
}
Event: 4.380 GC heap after
{Heap after GC invocations=9 (full 0):
 garbage-first heap   total reserved 1019904K, committed 78848K, used 35840K [0x00000000c1c00000, 0x0000000100000000)
  region size 1024K, 1 young (1024K), 1 survivors (1024K)
 Metaspace       used 21186K, committed 21504K, reserved 1114112K
  class space    used 2232K, committed 2368K, reserved 1048576K
}
Event: 8.691 GC heap before
{Heap before GC invocations=10 (full 0):
 garbage-first heap   total reserved 1019904K, committed 78848K, used 63488K [0x00000000c1c00000, 0x0000000100000000)
  region size 1024K, 29 young (29696K), 1 survivors (1024K)
 Metaspace       used 25078K, committed 25408K, reserved 1114112K
  class space    used 2721K, committed 2880K, reserved 1048576K
}
Event: 8.698 GC heap after
{Heap after GC invocations=11 (full 0):
 garbage-first heap   total reserved 1019904K, committed 78848K, used 40221K [0x00000000c1c00000, 0x0000000100000000)
  region size 1024K, 4 young (4096K), 4 survivors (4096K)
 Metaspace       used 25078K, committed 25408K, reserved 1114112K
  class space    used 2721K, committed 2880K, reserved 1048576K
}
Event: 12.280 GC heap before
{Heap before GC invocations=11 (full 0):
 garbage-first heap   total reserved 1019904K, committed 78848K, used 64797K [0x00000000c1c00000, 0x0000000100000000)
  region size 1024K, 29 young (29696K), 4 survivors (4096K)
 Metaspace       used 29361K, committed 29824K, reserved 1114112K
  class space    used 3314K, committed 3520K, reserved 1048576K
}
Event: 12.290 GC heap after
{Heap after GC invocations=12 (full 0):
 garbage-first heap   total reserved 1019904K, committed 78848K, used 37452K [0x00000000c1c00000, 0x0000000100000000)
  region size 1024K, 3 young (3072K), 3 survivors (3072K)
 Metaspace       used 29361K, committed 29824K, reserved 1114112K
  class space    used 3314K, committed 3520K, reserved 1048576K
}
Event: 13.167 GC heap before
{Heap before GC invocations=12 (full 0):
 garbage-first heap   total reserved 1019904K, committed 78848K, used 66124K [0x00000000c1c00000, 0x0000000100000000)
  region size 1024K, 31 young (31744K), 3 survivors (3072K)
 Metaspace       used 31275K, committed 31680K, reserved 1114112K
  class space    used 3573K, committed 3776K, reserved 1048576K
}
Event: 13.175 GC heap after
{Heap after GC invocations=13 (full 0):
 garbage-first heap   total reserved 1019904K, committed 78848K, used 40771K [0x00000000c1c00000, 0x0000000100000000)
  region size 1024K, 4 young (4096K), 4 survivors (4096K)
 Metaspace       used 31275K, committed 31680K, reserved 1114112K
  class space    used 3573K, committed 3776K, reserved 1048576K
}
Event: 13.502 GC heap before
{Heap before GC invocations=13 (full 0):
 garbage-first heap   total reserved 1019904K, committed 78848K, used 67395K [0x00000000c1c00000, 0x0000000100000000)
  region size 1024K, 30 young (30720K), 4 survivors (4096K)
 Metaspace       used 32462K, committed 32960K, reserved 1114112K
  class space    used 3794K, committed 4032K, reserved 1048576K
}
Event: 13.508 GC heap after
{Heap after GC invocations=14 (full 0):
 garbage-first heap   total reserved 1019904K, committed 78848K, used 42101K [0x00000000c1c00000, 0x0000000100000000)
  region size 1024K, 2 young (2048K), 2 survivors (2048K)
 Metaspace       used 32462K, committed 32960K, reserved 1114112K
  class space    used 3794K, committed 4032K, reserved 1048576K
}
Event: 13.915 GC heap before
{Heap before GC invocations=15 (full 0):
 garbage-first heap   total reserved 1019904K, committed 78848K, used 68725K [0x00000000c1c00000, 0x0000000100000000)
  region size 1024K, 28 young (28672K), 2 survivors (2048K)
 Metaspace       used 33616K, committed 34048K, reserved 1114112K
  class space    used 4034K, committed 4224K, reserved 1048576K
}
Event: 13.920 GC heap after
{Heap after GC invocations=16 (full 0):
 garbage-first heap   total reserved 1019904K, committed 78848K, used 43535K [0x00000000c1c00000, 0x0000000100000000)
  region size 1024K, 3 young (3072K), 3 survivors (3072K)
 Metaspace       used 33616K, committed 34048K, reserved 1114112K
  class space    used 4034K, committed 4224K, reserved 1048576K
}
Event: 15.754 GC heap before
{Heap before GC invocations=16 (full 0):
 garbage-first heap   total reserved 1019904K, committed 78848K, used 69135K [0x00000000c1c00000, 0x0000000100000000)
  region size 1024K, 29 young (29696K), 3 survivors (3072K)
 Metaspace       used 35012K, committed 35520K, reserved 1114112K
  class space    used 4218K, committed 4416K, reserved 1048576K
}
Event: 15.763 GC heap after
{Heap after GC invocations=17 (full 0):
 garbage-first heap   total reserved 1019904K, committed 78848K, used 44331K [0x00000000c1c00000, 0x0000000100000000)
  region size 1024K, 3 young (3072K), 3 survivors (3072K)
 Metaspace       used 35012K, committed 35520K, reserved 1114112K
  class space    used 4218K, committed 4416K, reserved 1048576K
}

